spherical_solid_w_contact.cc log info

Specified (and recognised) command line flags:
----------------------------------------------
--H 0.75
--lambda 1.2
--enfvol 1
--maxnsteps 150
--nreler 1
--load ../runfromstart/sol_nreler=1_nreletheta=48_H=0.7500_vol=0.4857_t=0.10.dat

Using Gauss scheme
Setting number of radial elements =1
Preinflation (lambda)  =1.2
Starting Main 
 
Initial Newton solve: 
Thickness = 0.1 with 1, 48 elements in the r and theta direction
Now create the mesh 
Created the mesh 
Set constitutive law pointer 
Going to create 48 volume constraint elements. Vol_const_mesh_pt->nnode() 0.
Going into create_contact_elements()
start_of_create_contact_elements  with boundary 1
Starting  set_contact_pt()
Adding meshes together
build global mesh 
BC set 
assign_eqn_numbers()  = 818
constructor finished 


Number of equations in Problem::read(): 818

Restart file exists



Total Volume is (raw) 0
Initial Newton Solve, shoudl converge immediatly. H = 0.75 Volume = 0.485667 P = -1.13782
Initial Maximum residuals 2.32002

Time to set up CRDoubleMatrix Jacobian [sec]: 0.46495
Time for SuperLUSolver solve [sec]       : 0.014487

Time for linear solver ( ndof = 818 ) [sec]: 0.479603

Under-relaxing newton method by factor 0.3
Newton Step 1: Maximum residuals 3.65028

Time to set up CRDoubleMatrix Jacobian [sec]: 0.437246
Time for SuperLUSolver solve [sec]       : 0.012078

Time for linear solver ( ndof = 818 ) [sec]: 0.449456

Under-relaxing newton method by factor 0.3
Newton Step 2: Maximum residuals 0.00170069

Time to set up CRDoubleMatrix Jacobian [sec]: 0.452296
Time for SuperLUSolver solve [sec]       : 0.011265

Time for linear solver ( ndof = 818 ) [sec]: 0.463706

Under-relaxing newton method by factor 0.3
Newton Step 3: Maximum residuals 0.00119048

Time to set up CRDoubleMatrix Jacobian [sec]: 0.437769
Time for SuperLUSolver solve [sec]       : 0.011822

Time for linear solver ( ndof = 818 ) [sec]: 0.449761

Under-relaxing newton method by factor 0.3
Newton Step 4: Maximum residuals 0.000833338

Time to set up CRDoubleMatrix Jacobian [sec]: 0.420565
Time for SuperLUSolver solve [sec]       : 0.011827

Time for linear solver ( ndof = 818 ) [sec]: 0.432544

Under-relaxing newton method by factor 0.3
Newton Step 5: Maximum residuals 0.000583337

Time to set up CRDoubleMatrix Jacobian [sec]: 0.417023
Time for SuperLUSolver solve [sec]       : 0.011182

Time for linear solver ( ndof = 818 ) [sec]: 0.428331

Under-relaxing newton method by factor 0.3
Newton Step 6: Maximum residuals 0.000408336

Time to set up CRDoubleMatrix Jacobian [sec]: 0.42255
Time for SuperLUSolver solve [sec]       : 0.011199

Time for linear solver ( ndof = 818 ) [sec]: 0.43387

Under-relaxing newton method by factor 0.3
Newton Step 7: Maximum residuals 0.000285835

Time to set up CRDoubleMatrix Jacobian [sec]: 0.416474
Time for SuperLUSolver solve [sec]       : 0.010694

Time for linear solver ( ndof = 818 ) [sec]: 0.427281

Under-relaxing newton method by factor 0.3
Newton Step 8: Maximum residuals 0.000200084

Time to set up CRDoubleMatrix Jacobian [sec]: 0.438784
Time for SuperLUSolver solve [sec]       : 0.012234

Time for linear solver ( ndof = 818 ) [sec]: 0.451141

Under-relaxing newton method by factor 0.3
Newton Step 9: Maximum residuals 2.41661

Time to set up CRDoubleMatrix Jacobian [sec]: 0.427392
Time for SuperLUSolver solve [sec]       : 0.012057

Time for linear solver ( ndof = 818 ) [sec]: 0.439581

Under-relaxing newton method by factor 0.3
Newton Step 10: Maximum residuals 0.000420052

Time to set up CRDoubleMatrix Jacobian [sec]: 0.443827
Time for SuperLUSolver solve [sec]       : 0.012379

Time for linear solver ( ndof = 818 ) [sec]: 0.456342

Under-relaxing newton method by factor 0.3
Newton Step 11: Maximum residuals 0.000294036

Time to set up CRDoubleMatrix Jacobian [sec]: 0.430905
Time for SuperLUSolver solve [sec]       : 0.013038

Time for linear solver ( ndof = 818 ) [sec]: 0.444085

Under-relaxing newton method by factor 0.3
Newton Step 12: Maximum residuals 0.000205825

Time to set up CRDoubleMatrix Jacobian [sec]: 0.411041
Time for SuperLUSolver solve [sec]       : 0.01104

Time for linear solver ( ndof = 818 ) [sec]: 0.422217

Under-relaxing newton method by factor 0.3
Newton Step 13: Maximum residuals 0.000144078

Time to set up CRDoubleMatrix Jacobian [sec]: 0.429803
Time for SuperLUSolver solve [sec]       : 0.012321

Time for linear solver ( ndof = 818 ) [sec]: 0.442244

Under-relaxing newton method by factor 0.3
Newton Step 14: Maximum residuals 2.30441

Time to set up CRDoubleMatrix Jacobian [sec]: 0.413748
Time for SuperLUSolver solve [sec]       : 0.011475

Time for linear solver ( ndof = 818 ) [sec]: 0.42533

Under-relaxing newton method by factor 0.3
Newton Step 15: Maximum residuals 0.000420719

Time to set up CRDoubleMatrix Jacobian [sec]: 0.392182
Time for SuperLUSolver solve [sec]       : 0.011284

Time for linear solver ( ndof = 818 ) [sec]: 0.403584

Under-relaxing newton method by factor 0.3
Newton Step 16: Maximum residuals 0.000294503

Time to set up CRDoubleMatrix Jacobian [sec]: 0.421422
Time for SuperLUSolver solve [sec]       : 0.011729

Time for linear solver ( ndof = 818 ) [sec]: 0.433268

Under-relaxing newton method by factor 0.3
Newton Step 17: Maximum residuals 0.000206152

Time to set up CRDoubleMatrix Jacobian [sec]: 0.432178
Time for SuperLUSolver solve [sec]       : 0.011231

Time for linear solver ( ndof = 818 ) [sec]: 0.443526

Under-relaxing newton method by factor 0.3
Newton Step 18: Maximum residuals 0.000144307

Time to set up CRDoubleMatrix Jacobian [sec]: 0.426255
Time for SuperLUSolver solve [sec]       : 0.014019

Time for linear solver ( ndof = 818 ) [sec]: 0.440429

Under-relaxing newton method by factor 0.3
Newton Step 19: Maximum residuals 0.000101015

Time to set up CRDoubleMatrix Jacobian [sec]: 0.421734
Time for SuperLUSolver solve [sec]       : 0.012568

Time for linear solver ( ndof = 818 ) [sec]: 0.43446

Under-relaxing newton method by factor 0.3
Newton Step 20: Maximum residuals 7.07103e-05

Time to set up CRDoubleMatrix Jacobian [sec]: 0.405101
Time for SuperLUSolver solve [sec]       : 0.010248

Time for linear solver ( ndof = 818 ) [sec]: 0.415456

Under-relaxing newton method by factor 0.3
Newton Step 21: Maximum residuals 4.94972e-05

Time to set up CRDoubleMatrix Jacobian [sec]: 0.393108
Time for SuperLUSolver solve [sec]       : 0.011795

Time for linear solver ( ndof = 818 ) [sec]: 0.405037

Under-relaxing newton method by factor 0.3
Newton Step 22: Maximum residuals 3.4648e-05

Time to set up CRDoubleMatrix Jacobian [sec]: 0.41242
Time for SuperLUSolver solve [sec]       : 0.010658

Time for linear solver ( ndof = 818 ) [sec]: 0.423191

Under-relaxing newton method by factor 0.3
Newton Step 23: Maximum residuals 2.42536e-05

Time to set up CRDoubleMatrix Jacobian [sec]: 0.378581
Time for SuperLUSolver solve [sec]       : 0.009679

Time for linear solver ( ndof = 818 ) [sec]: 0.388355

Under-relaxing newton method by factor 0.3
Newton Step 24: Maximum residuals 1.69775e-05

Time to set up CRDoubleMatrix Jacobian [sec]: 0.395291
Time for SuperLUSolver solve [sec]       : 0.011192

Time for linear solver ( ndof = 818 ) [sec]: 0.406595

Under-relaxing newton method by factor 0.3
Newton Step 25: Maximum residuals 1.18843e-05

Time to set up CRDoubleMatrix Jacobian [sec]: 0.392292
Time for SuperLUSolver solve [sec]       : 0.011747

Time for linear solver ( ndof = 818 ) [sec]: 0.40416

Under-relaxing newton method by factor 0.3
Newton Step 26: Maximum residuals 8.319e-06

Time to set up CRDoubleMatrix Jacobian [sec]: 0.39412
Time for SuperLUSolver solve [sec]       : 0.011045

Time for linear solver ( ndof = 818 ) [sec]: 0.40529

Under-relaxing newton method by factor 0.3
Newton Step 27: Maximum residuals 5.8233e-06

Time to set up CRDoubleMatrix Jacobian [sec]: 0.41702
Time for SuperLUSolver solve [sec]       : 0.011336

Time for linear solver ( ndof = 818 ) [sec]: 0.428476

Under-relaxing newton method by factor 0.3
Newton Step 28: Maximum residuals 4.07631e-06

Time to set up CRDoubleMatrix Jacobian [sec]: 0.40231
Time for SuperLUSolver solve [sec]       : 0.012302

Time for linear solver ( ndof = 818 ) [sec]: 0.41475

Under-relaxing newton method by factor 0.3
Newton Step 29: Maximum residuals 2.85342e-06

Time to set up CRDoubleMatrix Jacobian [sec]: 0.406069
Time for SuperLUSolver solve [sec]       : 0.011746

Time for linear solver ( ndof = 818 ) [sec]: 0.417936

Under-relaxing newton method by factor 0.3
Newton Step 30: Maximum residuals 1.14503

Time to set up CRDoubleMatrix Jacobian [sec]: 0.425943
Time for SuperLUSolver solve [sec]       : 0.01235

Time for linear solver ( ndof = 818 ) [sec]: 0.438425

Under-relaxing newton method by factor 0.3
Newton Step 31: Maximum residuals 1.14615

Time to set up CRDoubleMatrix Jacobian [sec]: 0.432657
Time for SuperLUSolver solve [sec]       : 0.012266

Time for linear solver ( ndof = 818 ) [sec]: 0.445043

Under-relaxing newton method by factor 0.3
Newton Step 32: Maximum residuals 0.000349096

Time to set up CRDoubleMatrix Jacobian [sec]: 0.425904
Time for SuperLUSolver solve [sec]       : 0.012788

Time for linear solver ( ndof = 818 ) [sec]: 0.438813

Under-relaxing newton method by factor 0.3
Newton Step 33: Maximum residuals 2.4549

Time to set up CRDoubleMatrix Jacobian [sec]: 0.413672
Time for SuperLUSolver solve [sec]       : 0.011807

Time for linear solver ( ndof = 818 ) [sec]: 0.425596

Under-relaxing newton method by factor 0.3
Newton Step 34: Maximum residuals 2.31063

Time to set up CRDoubleMatrix Jacobian [sec]: 0.425452
Time for SuperLUSolver solve [sec]       : 0.011975

Time for linear solver ( ndof = 818 ) [sec]: 0.437588

Under-relaxing newton method by factor 0.3
Newton Step 35: Maximum residuals 3.63298

Time to set up CRDoubleMatrix Jacobian [sec]: 0.426069
Time for SuperLUSolver solve [sec]       : 0.011673

Time for linear solver ( ndof = 818 ) [sec]: 0.437917

Under-relaxing newton method by factor 0.3
Newton Step 36: Maximum residuals 2.81308

Time to set up CRDoubleMatrix Jacobian [sec]: 0.417265
Time for SuperLUSolver solve [sec]       : 0.011852

Time for linear solver ( ndof = 818 ) [sec]: 0.429276

Under-relaxing newton method by factor 0.3
Newton Step 37: Maximum residuals 2.32766

Time to set up CRDoubleMatrix Jacobian [sec]: 0.423389
Time for SuperLUSolver solve [sec]       : 0.012367

Time for linear solver ( ndof = 818 ) [sec]: 0.435891

Under-relaxing newton method by factor 0.3
Newton Step 38: Maximum residuals 0.00102145

Time to set up CRDoubleMatrix Jacobian [sec]: 0.428221
Time for SuperLUSolver solve [sec]       : 0.011673

Time for linear solver ( ndof = 818 ) [sec]: 0.440033

Under-relaxing newton method by factor 0.3
Newton Step 39: Maximum residuals 0.000715013

Time to set up CRDoubleMatrix Jacobian [sec]: 0.403669
Time for SuperLUSolver solve [sec]       : 0.011796

Time for linear solver ( ndof = 818 ) [sec]: 0.415587

Under-relaxing newton method by factor 0.3
Newton Step 40: Maximum residuals 2.47758

Time to set up CRDoubleMatrix Jacobian [sec]: 0.397069
Time for SuperLUSolver solve [sec]       : 0.012377

Time for linear solver ( ndof = 818 ) [sec]: 0.409567

Under-relaxing newton method by factor 0.3
Newton Step 41: Maximum residuals 2.49236

Time to set up CRDoubleMatrix Jacobian [sec]: 0.413741
Time for SuperLUSolver solve [sec]       : 0.013326

Time for linear solver ( ndof = 818 ) [sec]: 0.427194

Under-relaxing newton method by factor 0.3
Newton Step 42: Maximum residuals 0.357942

Time to set up CRDoubleMatrix Jacobian [sec]: 0.41038
Time for SuperLUSolver solve [sec]       : 0.011497

Time for linear solver ( ndof = 818 ) [sec]: 0.421993

Under-relaxing newton method by factor 0.3
Newton Step 43: Maximum residuals 11.8255

Time to set up CRDoubleMatrix Jacobian [sec]: 0.406956
Time for SuperLUSolver solve [sec]       : 0.012773

Time for linear solver ( ndof = 818 ) [sec]: 0.419855

Under-relaxing newton method by factor 0.3
Newton Step 44: Maximum residuals 8.27785

Time to set up CRDoubleMatrix Jacobian [sec]: 0.398801
Time for SuperLUSolver solve [sec]       : 0.011673

Time for linear solver ( ndof = 818 ) [sec]: 0.410586

Under-relaxing newton method by factor 0.3
Newton Step 45: Maximum residuals 0.309981

Time to set up CRDoubleMatrix Jacobian [sec]: 0.403726
Time for SuperLUSolver solve [sec]       : 0.012766

Time for linear solver ( ndof = 818 ) [sec]: 0.416625

Under-relaxing newton method by factor 0.3
Newton Step 46: Maximum residuals 0.216987

Time to set up CRDoubleMatrix Jacobian [sec]: 0.390311
Time for SuperLUSolver solve [sec]       : 0.012439

Time for linear solver ( ndof = 818 ) [sec]: 0.402869

Under-relaxing newton method by factor 0.3
Newton Step 47: Maximum residuals 2.3138

Time to set up CRDoubleMatrix Jacobian [sec]: 0.41565
Time for SuperLUSolver solve [sec]       : 0.01355

Time for linear solver ( ndof = 818 ) [sec]: 0.429333

Under-relaxing newton method by factor 0.3
Newton Step 48: Maximum residuals 1.15154

Time to set up CRDoubleMatrix Jacobian [sec]: 0.396653
Time for SuperLUSolver solve [sec]       : 0.012606

Time for linear solver ( ndof = 818 ) [sec]: 0.409379

Under-relaxing newton method by factor 0.3
Newton Step 49: Maximum residuals 0.0744264

Time to set up CRDoubleMatrix Jacobian [sec]: 0.396466
Time for SuperLUSolver solve [sec]       : 0.011797

Time for linear solver ( ndof = 818 ) [sec]: 0.408381

Under-relaxing newton method by factor 0.3
Newton Step 50: Maximum residuals 0.0520985

Time to set up CRDoubleMatrix Jacobian [sec]: 0.401723
Time for SuperLUSolver solve [sec]       : 0.012017

Time for linear solver ( ndof = 818 ) [sec]: 0.413856

Under-relaxing newton method by factor 0.3
Newton Step 51: Maximum residuals 0.0364689

Time to set up CRDoubleMatrix Jacobian [sec]: 0.404709
Time for SuperLUSolver solve [sec]       : 0.012797

Time for linear solver ( ndof = 818 ) [sec]: 0.417671

Under-relaxing newton method by factor 0.3
Newton Step 52: Maximum residuals 0.0255283

Time to set up CRDoubleMatrix Jacobian [sec]: 0.419879
Time for SuperLUSolver solve [sec]       : 0.013311

Time for linear solver ( ndof = 818 ) [sec]: 0.433373

Under-relaxing newton method by factor 0.3
Newton Step 53: Maximum residuals 0.0178698

Time to set up CRDoubleMatrix Jacobian [sec]: 0.421429
Time for SuperLUSolver solve [sec]       : 0.012784

Time for linear solver ( ndof = 818 ) [sec]: 0.434344

Under-relaxing newton method by factor 0.3
Newton Step 54: Maximum residuals 0.0125088

Time to set up CRDoubleMatrix Jacobian [sec]: 0.405186
Time for SuperLUSolver solve [sec]       : 0.012577

Time for linear solver ( ndof = 818 ) [sec]: 0.4179

Under-relaxing newton method by factor 0.3
Newton Step 55: Maximum residuals 0.00875619

Time to set up CRDoubleMatrix Jacobian [sec]: 0.403463
Time for SuperLUSolver solve [sec]       : 0.011522

Time for linear solver ( ndof = 818 ) [sec]: 0.415097

Under-relaxing newton method by factor 0.3
Newton Step 56: Maximum residuals 2.35658

Time to set up CRDoubleMatrix Jacobian [sec]: 0.400339
Time for SuperLUSolver solve [sec]       : 0.011517

Time for linear solver ( ndof = 818 ) [sec]: 0.411983

Under-relaxing newton method by factor 0.3
Newton Step 57: Maximum residuals 2.24549

Time to set up CRDoubleMatrix Jacobian [sec]: 0.437487
Time for SuperLUSolver solve [sec]       : 0.0142

Time for linear solver ( ndof = 818 ) [sec]: 0.45183

Under-relaxing newton method by factor 0.3
Newton Step 58: Maximum residuals 0.00300337

Time to set up CRDoubleMatrix Jacobian [sec]: 0.423647
Time for SuperLUSolver solve [sec]       : 0.013423

Time for linear solver ( ndof = 818 ) [sec]: 0.437216

Under-relaxing newton method by factor 0.3
Newton Step 59: Maximum residuals 0.00210236

Time to set up CRDoubleMatrix Jacobian [sec]: 0.417954
Time for SuperLUSolver solve [sec]       : 0.012586

Time for linear solver ( ndof = 818 ) [sec]: 0.430667

Under-relaxing newton method by factor 0.3
Newton Step 60: Maximum residuals 1.19827

Time to set up CRDoubleMatrix Jacobian [sec]: 0.407002
Time for SuperLUSolver solve [sec]       : 0.012091

Time for linear solver ( ndof = 818 ) [sec]: 0.419211

Under-relaxing newton method by factor 0.3
Newton Step 61: Maximum residuals 2.33082

Time to set up CRDoubleMatrix Jacobian [sec]: 0.426241
Time for SuperLUSolver solve [sec]       : 0.012453

Time for linear solver ( ndof = 818 ) [sec]: 0.438831

Under-relaxing newton method by factor 0.3
Newton Step 62: Maximum residuals 2.32157

Time to set up CRDoubleMatrix Jacobian [sec]: 0.408125
Time for SuperLUSolver solve [sec]       : 0.010275

Time for linear solver ( ndof = 818 ) [sec]: 0.418507

Under-relaxing newton method by factor 0.3
Newton Step 63: Maximum residuals 0.000719633

Time to set up CRDoubleMatrix Jacobian [sec]: 0.408465
Time for SuperLUSolver solve [sec]       : 0.012094

Time for linear solver ( ndof = 818 ) [sec]: 0.420672

Under-relaxing newton method by factor 0.3
Newton Step 64: Maximum residuals 0.000503743

Time to set up CRDoubleMatrix Jacobian [sec]: 0.389393
Time for SuperLUSolver solve [sec]       : 0.010621

Time for linear solver ( ndof = 818 ) [sec]: 0.40012

Under-relaxing newton method by factor 0.3
Newton Step 65: Maximum residuals 0.00035262

Time to set up CRDoubleMatrix Jacobian [sec]: 0.39102
Time for SuperLUSolver solve [sec]       : 0.010823

Time for linear solver ( ndof = 818 ) [sec]: 0.401951

Under-relaxing newton method by factor 0.3
Newton Step 66: Maximum residuals 1.1482

Time to set up CRDoubleMatrix Jacobian [sec]: 0.405181
Time for SuperLUSolver solve [sec]       : 0.011831

Time for linear solver ( ndof = 818 ) [sec]: 0.417122

Under-relaxing newton method by factor 0.3
Newton Step 67: Maximum residuals 1.21928

Time to set up CRDoubleMatrix Jacobian [sec]: 0.392867
Time for SuperLUSolver solve [sec]       : 0.011685

Time for linear solver ( ndof = 818 ) [sec]: 0.404714

Under-relaxing newton method by factor 0.3
Newton Step 68: Maximum residuals 2.71677

Time to set up CRDoubleMatrix Jacobian [sec]: 0.425849
Time for SuperLUSolver solve [sec]       : 0.011824

Time for linear solver ( ndof = 818 ) [sec]: 0.437843

Under-relaxing newton method by factor 0.3
Newton Step 69: Maximum residuals 1.1773

Time to set up CRDoubleMatrix Jacobian [sec]: 0.405709
Time for SuperLUSolver solve [sec]       : 0.012109

Time for linear solver ( ndof = 818 ) [sec]: 0.417983

Under-relaxing newton method by factor 0.3
Newton Step 70: Maximum residuals 2.82301

Time to set up CRDoubleMatrix Jacobian [sec]: 0.406746
Time for SuperLUSolver solve [sec]       : 0.012062

Time for linear solver ( ndof = 818 ) [sec]: 0.418955

Under-relaxing newton method by factor 0.3
Newton Step 71: Maximum residuals 2.46835

Time to set up CRDoubleMatrix Jacobian [sec]: 0.401215
Time for SuperLUSolver solve [sec]       : 0.012221

Time for linear solver ( ndof = 818 ) [sec]: 0.413558

Under-relaxing newton method by factor 0.3
Newton Step 72: Maximum residuals 1.21863

Time to set up CRDoubleMatrix Jacobian [sec]: 0.417565
Time for SuperLUSolver solve [sec]       : 0.011552

Time for linear solver ( ndof = 818 ) [sec]: 0.429243

Under-relaxing newton method by factor 0.3
Newton Step 73: Maximum residuals 0.000709204

Time to set up CRDoubleMatrix Jacobian [sec]: 0.401191
Time for SuperLUSolver solve [sec]       : 0.011883

Time for linear solver ( ndof = 818 ) [sec]: 0.413187

Under-relaxing newton method by factor 0.3
Newton Step 74: Maximum residuals 2.76185

Time to set up CRDoubleMatrix Jacobian [sec]: 0.417161
Time for SuperLUSolver solve [sec]       : 0.014511

Time for linear solver ( ndof = 818 ) [sec]: 0.431829

Under-relaxing newton method by factor 0.3
Newton Step 75: Maximum residuals 0.000947849

Time to set up CRDoubleMatrix Jacobian [sec]: 0.443186
Time for SuperLUSolver solve [sec]       : 0.010196

Time for linear solver ( ndof = 818 ) [sec]: 0.453492

Under-relaxing newton method by factor 0.3
Newton Step 76: Maximum residuals 0.000663495

Time to set up CRDoubleMatrix Jacobian [sec]: 0.40163
Time for SuperLUSolver solve [sec]       : 0.010669

Time for linear solver ( ndof = 818 ) [sec]: 0.412409

Under-relaxing newton method by factor 0.3
Newton Step 77: Maximum residuals 0.000464446

Time to set up CRDoubleMatrix Jacobian [sec]: 0.407963
Time for SuperLUSolver solve [sec]       : 0.011683

Time for linear solver ( ndof = 818 ) [sec]: 0.419758

Under-relaxing newton method by factor 0.3
Newton Step 78: Maximum residuals 0.000325112

Time to set up CRDoubleMatrix Jacobian [sec]: 0.378064
Time for SuperLUSolver solve [sec]       : 0.011313

Time for linear solver ( ndof = 818 ) [sec]: 0.389496

Under-relaxing newton method by factor 0.3
Newton Step 79: Maximum residuals 0.000227579

Time to set up CRDoubleMatrix Jacobian [sec]: 0.402691
Time for SuperLUSolver solve [sec]       : 0.011122

Time for linear solver ( ndof = 818 ) [sec]: 0.413921

Under-relaxing newton method by factor 0.3
Newton Step 80: Maximum residuals 2.3101

Time to set up CRDoubleMatrix Jacobian [sec]: 0.40922
Time for SuperLUSolver solve [sec]       : 0.011413

Time for linear solver ( ndof = 818 ) [sec]: 0.42075

Under-relaxing newton method by factor 0.3
Newton Step 81: Maximum residuals 1.16167

Time to set up CRDoubleMatrix Jacobian [sec]: 0.400623
Time for SuperLUSolver solve [sec]       : 0.01131

Time for linear solver ( ndof = 818 ) [sec]: 0.41204

Under-relaxing newton method by factor 0.3
Newton Step 82: Maximum residuals 1.19667

Time to set up CRDoubleMatrix Jacobian [sec]: 0.392903
Time for SuperLUSolver solve [sec]       : 0.012133

Time for linear solver ( ndof = 818 ) [sec]: 0.405154

Under-relaxing newton method by factor 0.3
Newton Step 83: Maximum residuals 0.000272374

Time to set up CRDoubleMatrix Jacobian [sec]: 0.408349
Time for SuperLUSolver solve [sec]       : 0.011178

Time for linear solver ( ndof = 818 ) [sec]: 0.419663

Under-relaxing newton method by factor 0.3
Newton Step 84: Maximum residuals 0.000190662

Time to set up CRDoubleMatrix Jacobian [sec]: 0.416703
Time for SuperLUSolver solve [sec]       : 0.010712

Time for linear solver ( ndof = 818 ) [sec]: 0.427569

Under-relaxing newton method by factor 0.3
Newton Step 85: Maximum residuals 0.000133463

Time to set up CRDoubleMatrix Jacobian [sec]: 0.423683
Time for SuperLUSolver solve [sec]       : 0.011649

Time for linear solver ( ndof = 818 ) [sec]: 0.435476

Under-relaxing newton method by factor 0.3
Newton Step 86: Maximum residuals 9.34243e-05

Time to set up CRDoubleMatrix Jacobian [sec]: 0.427917
Time for SuperLUSolver solve [sec]       : 0.011809

Time for linear solver ( ndof = 818 ) [sec]: 0.439875

Under-relaxing newton method by factor 0.3
Newton Step 87: Maximum residuals 6.5397e-05

Time to set up CRDoubleMatrix Jacobian [sec]: 0.423773
Time for SuperLUSolver solve [sec]       : 0.012184

Time for linear solver ( ndof = 818 ) [sec]: 0.436083

Under-relaxing newton method by factor 0.3
Newton Step 88: Maximum residuals 4.57779e-05

Time to set up CRDoubleMatrix Jacobian [sec]: 0.397233
Time for SuperLUSolver solve [sec]       : 0.010882

Time for linear solver ( ndof = 818 ) [sec]: 0.408226

Under-relaxing newton method by factor 0.3
Newton Step 89: Maximum residuals 3.20445e-05

Time to set up CRDoubleMatrix Jacobian [sec]: 0.388921
Time for SuperLUSolver solve [sec]       : 0.011384

Time for linear solver ( ndof = 818 ) [sec]: 0.400429

Under-relaxing newton method by factor 0.3
Newton Step 90: Maximum residuals 2.34271

Time to set up CRDoubleMatrix Jacobian [sec]: 0.412484
Time for SuperLUSolver solve [sec]       : 0.011129

Time for linear solver ( ndof = 818 ) [sec]: 0.423744

Under-relaxing newton method by factor 0.3
Newton Step 91: Maximum residuals 0.000420385

Time to set up CRDoubleMatrix Jacobian [sec]: 0.409051
Time for SuperLUSolver solve [sec]       : 0.011192

Time for linear solver ( ndof = 818 ) [sec]: 0.420354

Under-relaxing newton method by factor 0.3
Newton Step 92: Maximum residuals 0.000294269

Time to set up CRDoubleMatrix Jacobian [sec]: 0.418806
Time for SuperLUSolver solve [sec]       : 0.012838

Time for linear solver ( ndof = 818 ) [sec]: 0.431765

Under-relaxing newton method by factor 0.3
Newton Step 93: Maximum residuals 0.000205989

Time to set up CRDoubleMatrix Jacobian [sec]: 0.413218
Time for SuperLUSolver solve [sec]       : 0.010239

Time for linear solver ( ndof = 818 ) [sec]: 0.423566

Under-relaxing newton method by factor 0.3
Newton Step 94: Maximum residuals 0.000144192

Time to set up CRDoubleMatrix Jacobian [sec]: 0.421823
Time for SuperLUSolver solve [sec]       : 0.011774

Time for linear solver ( ndof = 818 ) [sec]: 0.433736

Under-relaxing newton method by factor 0.3
Newton Step 95: Maximum residuals 1.17871

Time to set up CRDoubleMatrix Jacobian [sec]: 0.405366
Time for SuperLUSolver solve [sec]       : 0.011245

Time for linear solver ( ndof = 818 ) [sec]: 0.416721

Under-relaxing newton method by factor 0.3
Newton Step 96: Maximum residuals 0.00057056

Time to set up CRDoubleMatrix Jacobian [sec]: 0.400728
Time for SuperLUSolver solve [sec]       : 0.011184

Time for linear solver ( ndof = 818 ) [sec]: 0.412027

Under-relaxing newton method by factor 0.3
Newton Step 97: Maximum residuals 1.15599

Time to set up CRDoubleMatrix Jacobian [sec]: 0.395297
Time for SuperLUSolver solve [sec]       : 0.01161

Time for linear solver ( ndof = 818 ) [sec]: 0.40703

Under-relaxing newton method by factor 0.3
Newton Step 98: Maximum residuals 1.87428

Time to set up CRDoubleMatrix Jacobian [sec]: 0.413824
Time for SuperLUSolver solve [sec]       : 0.011216

Time for linear solver ( ndof = 818 ) [sec]: 0.425151

Under-relaxing newton method by factor 0.3
Newton Step 99: Maximum residuals 0.000376337

Time to set up CRDoubleMatrix Jacobian [sec]: 0.420601
Time for SuperLUSolver solve [sec]       : 0.011509

Time for linear solver ( ndof = 818 ) [sec]: 0.432247

Under-relaxing newton method by factor 0.3
Newton Step 100: Maximum residuals 0.000263436

Time to set up CRDoubleMatrix Jacobian [sec]: 0.405301
Time for SuperLUSolver solve [sec]       : 0.011973

Time for linear solver ( ndof = 818 ) [sec]: 0.417428

Under-relaxing newton method by factor 0.3
Newton Step 101: Maximum residuals 1.18068

Time to set up CRDoubleMatrix Jacobian [sec]: 0.392066
Time for SuperLUSolver solve [sec]       : 0.011409

Time for linear solver ( ndof = 818 ) [sec]: 0.40362

Under-relaxing newton method by factor 0.3
Newton Step 102: Maximum residuals 2.41737

Time to set up CRDoubleMatrix Jacobian [sec]: 0.382723
Time for SuperLUSolver solve [sec]       : 0.01092

Time for linear solver ( ndof = 818 ) [sec]: 0.393768

Under-relaxing newton method by factor 0.3
Newton Step 103: Maximum residuals 0.000381967

Time to set up CRDoubleMatrix Jacobian [sec]: 0.387502
Time for SuperLUSolver solve [sec]       : 0.010151

Time for linear solver ( ndof = 818 ) [sec]: 0.397755

Under-relaxing newton method by factor 0.3
Newton Step 104: Maximum residuals 1.23757

Time to set up CRDoubleMatrix Jacobian [sec]: 0.380259
Time for SuperLUSolver solve [sec]       : 0.011865

Time for linear solver ( ndof = 818 ) [sec]: 0.392242

Under-relaxing newton method by factor 0.3
Newton Step 105: Maximum residuals 2.2581

Time to set up CRDoubleMatrix Jacobian [sec]: 0.409938
Time for SuperLUSolver solve [sec]       : 0.012281

Time for linear solver ( ndof = 818 ) [sec]: 0.422345

Under-relaxing newton method by factor 0.3
Newton Step 106: Maximum residuals 0.0004068

Time to set up CRDoubleMatrix Jacobian [sec]: 0.422539
Time for SuperLUSolver solve [sec]       : 0.011363

Time for linear solver ( ndof = 818 ) [sec]: 0.434042

Under-relaxing newton method by factor 0.3
Newton Step 107: Maximum residuals 0.00028476

Time to set up CRDoubleMatrix Jacobian [sec]: 0.418062
Time for SuperLUSolver solve [sec]       : 0.012932

Time for linear solver ( ndof = 818 ) [sec]: 0.431146

Under-relaxing newton method by factor 0.3
Newton Step 108: Maximum residuals 2.37201

Time to set up CRDoubleMatrix Jacobian [sec]: 0.394772
Time for SuperLUSolver solve [sec]       : 0.011186

Time for linear solver ( ndof = 818 ) [sec]: 0.406083

Under-relaxing newton method by factor 0.3
Newton Step 109: Maximum residuals 2.58763

Time to set up CRDoubleMatrix Jacobian [sec]: 0.409187
Time for SuperLUSolver solve [sec]       : 0.012049

Time for linear solver ( ndof = 818 ) [sec]: 0.421352

Under-relaxing newton method by factor 0.3
Newton Step 110: Maximum residuals 1.16476

Time to set up CRDoubleMatrix Jacobian [sec]: 0.409148
Time for SuperLUSolver solve [sec]       : 0.012185

Time for linear solver ( ndof = 818 ) [sec]: 0.421466

Under-relaxing newton method by factor 0.3
Newton Step 111: Maximum residuals 3.60167

Time to set up CRDoubleMatrix Jacobian [sec]: 0.416969
Time for SuperLUSolver solve [sec]       : 0.01163

Time for linear solver ( ndof = 818 ) [sec]: 0.428716

Under-relaxing newton method by factor 0.3
Newton Step 112: Maximum residuals 2.78557

Time to set up CRDoubleMatrix Jacobian [sec]: 0.409941
Time for SuperLUSolver solve [sec]       : 0.011044

Time for linear solver ( ndof = 818 ) [sec]: 0.421099

Under-relaxing newton method by factor 0.3
Newton Step 113: Maximum residuals 0.000663833

Time to set up CRDoubleMatrix Jacobian [sec]: 0.401792
Time for SuperLUSolver solve [sec]       : 0.011047

Time for linear solver ( ndof = 818 ) [sec]: 0.412947

Under-relaxing newton method by factor 0.3
Newton Step 114: Maximum residuals 0.000464683

Time to set up CRDoubleMatrix Jacobian [sec]: 0.410373
Time for SuperLUSolver solve [sec]       : 0.011644

Time for linear solver ( ndof = 818 ) [sec]: 0.422129

Under-relaxing newton method by factor 0.3
Newton Step 115: Maximum residuals 1.16668

Time to set up CRDoubleMatrix Jacobian [sec]: 0.402736
Time for SuperLUSolver solve [sec]       : 0.01171

Time for linear solver ( ndof = 818 ) [sec]: 0.414585

Under-relaxing newton method by factor 0.3
Newton Step 116: Maximum residuals 1.22106

Time to set up CRDoubleMatrix Jacobian [sec]: 0.392491
Time for SuperLUSolver solve [sec]       : 0.011316

Time for linear solver ( ndof = 818 ) [sec]: 0.403955

Under-relaxing newton method by factor 0.3
Newton Step 117: Maximum residuals 0.0002777

Time to set up CRDoubleMatrix Jacobian [sec]: 0.401004
Time for SuperLUSolver solve [sec]       : 0.010245

Time for linear solver ( ndof = 818 ) [sec]: 0.411374

Under-relaxing newton method by factor 0.3
Newton Step 118: Maximum residuals 0.00019439

Time to set up CRDoubleMatrix Jacobian [sec]: 0.401167
Time for SuperLUSolver solve [sec]       : 0.010674

Time for linear solver ( ndof = 818 ) [sec]: 0.41197

Under-relaxing newton method by factor 0.3
Newton Step 119: Maximum residuals 0.000136073

Time to set up CRDoubleMatrix Jacobian [sec]: 0.398468
Time for SuperLUSolver solve [sec]       : 0.010674

Time for linear solver ( ndof = 818 ) [sec]: 0.409266

Under-relaxing newton method by factor 0.3
Newton Step 120: Maximum residuals 9.52511e-05

Time to set up CRDoubleMatrix Jacobian [sec]: 0.412142
Time for SuperLUSolver solve [sec]       : 0.011245

Time for linear solver ( ndof = 818 ) [sec]: 0.423511

Under-relaxing newton method by factor 0.3
Newton Step 121: Maximum residuals 6.66758e-05

Time to set up CRDoubleMatrix Jacobian [sec]: 0.396368
Time for SuperLUSolver solve [sec]       : 0.011611

Time for linear solver ( ndof = 818 ) [sec]: 0.408091

Under-relaxing newton method by factor 0.3
Newton Step 122: Maximum residuals 4.6673e-05

Time to set up CRDoubleMatrix Jacobian [sec]: 0.40231
Time for SuperLUSolver solve [sec]       : 0.00991

Time for linear solver ( ndof = 818 ) [sec]: 0.41234

Under-relaxing newton method by factor 0.3
Newton Step 123: Maximum residuals 3.26711e-05

Time to set up CRDoubleMatrix Jacobian [sec]: 0.406489
Time for SuperLUSolver solve [sec]       : 0.011218

Time for linear solver ( ndof = 818 ) [sec]: 0.417829

Under-relaxing newton method by factor 0.3
Newton Step 124: Maximum residuals 2.35014

Time to set up CRDoubleMatrix Jacobian [sec]: 0.399111
Time for SuperLUSolver solve [sec]       : 0.011104

Time for linear solver ( ndof = 818 ) [sec]: 0.410326

Under-relaxing newton method by factor 0.3
Newton Step 125: Maximum residuals 0.000418153

Time to set up CRDoubleMatrix Jacobian [sec]: 0.406213
Time for SuperLUSolver solve [sec]       : 0.012342

Time for linear solver ( ndof = 818 ) [sec]: 0.418672

Under-relaxing newton method by factor 0.3
Newton Step 126: Maximum residuals 2.31234

Time to set up CRDoubleMatrix Jacobian [sec]: 0.439163
Time for SuperLUSolver solve [sec]       : 0.011705

Time for linear solver ( ndof = 818 ) [sec]: 0.450989

Under-relaxing newton method by factor 0.3
Newton Step 127: Maximum residuals 0.00041952

Time to set up CRDoubleMatrix Jacobian [sec]: 0.417437
Time for SuperLUSolver solve [sec]       : 0.011203

Time for linear solver ( ndof = 818 ) [sec]: 0.428754

Under-relaxing newton method by factor 0.3
Newton Step 128: Maximum residuals 0.000293664

Time to set up CRDoubleMatrix Jacobian [sec]: 0.403177
Time for SuperLUSolver solve [sec]       : 0.012462

Time for linear solver ( ndof = 818 ) [sec]: 0.415756

Under-relaxing newton method by factor 0.3
Newton Step 129: Maximum residuals 0.000205565

Time to set up CRDoubleMatrix Jacobian [sec]: 0.407766
Time for SuperLUSolver solve [sec]       : 0.010204

Time for linear solver ( ndof = 818 ) [sec]: 0.418075

Under-relaxing newton method by factor 0.3
Newton Step 130: Maximum residuals 2.27288

Time to set up CRDoubleMatrix Jacobian [sec]: 0.422971
Time for SuperLUSolver solve [sec]       : 0.012447

Time for linear solver ( ndof = 818 ) [sec]: 0.435537

Under-relaxing newton method by factor 0.3
Newton Step 131: Maximum residuals 1.3106

Time to set up CRDoubleMatrix Jacobian [sec]: 0.399548
Time for SuperLUSolver solve [sec]       : 0.012096

Time for linear solver ( ndof = 818 ) [sec]: 0.411785

Under-relaxing newton method by factor 0.3
Newton Step 132: Maximum residuals 1.17912

Time to set up CRDoubleMatrix Jacobian [sec]: 0.421436
Time for SuperLUSolver solve [sec]       : 0.011719

Time for linear solver ( ndof = 818 ) [sec]: 0.433301

Under-relaxing newton method by factor 0.3
Newton Step 133: Maximum residuals 2.39627

Time to set up CRDoubleMatrix Jacobian [sec]: 0.428009
Time for SuperLUSolver solve [sec]       : 0.011535

Time for linear solver ( ndof = 818 ) [sec]: 0.439684

Under-relaxing newton method by factor 0.3
Newton Step 134: Maximum residuals 0.000379776

Time to set up CRDoubleMatrix Jacobian [sec]: 0.403531
Time for SuperLUSolver solve [sec]       : 0.010597

Time for linear solver ( ndof = 818 ) [sec]: 0.414248

Under-relaxing newton method by factor 0.3
Newton Step 135: Maximum residuals 1.22674

Time to set up CRDoubleMatrix Jacobian [sec]: 0.378085
Time for SuperLUSolver solve [sec]       : 0.011528

Time for linear solver ( ndof = 818 ) [sec]: 0.389735

Under-relaxing newton method by factor 0.3
Newton Step 136: Maximum residuals 1.233

Time to set up CRDoubleMatrix Jacobian [sec]: 0.39693
Time for SuperLUSolver solve [sec]       : 0.012039

Time for linear solver ( ndof = 818 ) [sec]: 0.409087

Under-relaxing newton method by factor 0.3
Newton Step 137: Maximum residuals 2.44589

Time to set up CRDoubleMatrix Jacobian [sec]: 0.405401
Time for SuperLUSolver solve [sec]       : 0.012754

Time for linear solver ( ndof = 818 ) [sec]: 0.418285

Under-relaxing newton method by factor 0.3
Newton Step 138: Maximum residuals 2.68596

Time to set up CRDoubleMatrix Jacobian [sec]: 0.40074
Time for SuperLUSolver solve [sec]       : 0.011701

Time for linear solver ( ndof = 818 ) [sec]: 0.41256

Under-relaxing newton method by factor 0.3
Newton Step 139: Maximum residuals 0.00040733

Time to set up CRDoubleMatrix Jacobian [sec]: 0.397069
Time for SuperLUSolver solve [sec]       : 0.011625

Time for linear solver ( ndof = 818 ) [sec]: 0.408811

Under-relaxing newton method by factor 0.3
Newton Step 140: Maximum residuals 1.21133

Time to set up CRDoubleMatrix Jacobian [sec]: 0.41316
Time for SuperLUSolver solve [sec]       : 0.011713

Time for linear solver ( ndof = 818 ) [sec]: 0.424988

Under-relaxing newton method by factor 0.3
Newton Step 141: Maximum residuals 2.31583

Time to set up CRDoubleMatrix Jacobian [sec]: 0.405468
Time for SuperLUSolver solve [sec]       : 0.010498

Time for linear solver ( ndof = 818 ) [sec]: 0.416073

Under-relaxing newton method by factor 0.3
Newton Step 142: Maximum residuals 0.000422586

Time to set up CRDoubleMatrix Jacobian [sec]: 0.410837
Time for SuperLUSolver solve [sec]       : 0.01255

Time for linear solver ( ndof = 818 ) [sec]: 0.423521

Under-relaxing newton method by factor 0.3
Newton Step 143: Maximum residuals 0.00029581

Time to set up CRDoubleMatrix Jacobian [sec]: 0.411018
Time for SuperLUSolver solve [sec]       : 0.011774

Time for linear solver ( ndof = 818 ) [sec]: 0.422911

Under-relaxing newton method by factor 0.3
Newton Step 144: Maximum residuals 1.21001

Time to set up CRDoubleMatrix Jacobian [sec]: 0.406746
Time for SuperLUSolver solve [sec]       : 0.011767

Time for linear solver ( ndof = 818 ) [sec]: 0.418638

Under-relaxing newton method by factor 0.3
Newton Step 145: Maximum residuals 2.29662

Time to set up CRDoubleMatrix Jacobian [sec]: 0.404868
Time for SuperLUSolver solve [sec]       : 0.011656

Time for linear solver ( ndof = 818 ) [sec]: 0.41664

Under-relaxing newton method by factor 0.3
Newton Step 146: Maximum residuals 0.00100866

Time to set up CRDoubleMatrix Jacobian [sec]: 0.397967
Time for SuperLUSolver solve [sec]       : 0.010689

Time for linear solver ( ndof = 818 ) [sec]: 0.408764

Under-relaxing newton method by factor 0.3
Newton Step 147: Maximum residuals 0.000706065

Time to set up CRDoubleMatrix Jacobian [sec]: 0.394669
Time for SuperLUSolver solve [sec]       : 0.011727

Time for linear solver ( ndof = 818 ) [sec]: 0.406547

Under-relaxing newton method by factor 0.3
Newton Step 148: Maximum residuals 2.71032

Time to set up CRDoubleMatrix Jacobian [sec]: 0.4049
Time for SuperLUSolver solve [sec]       : 0.011735

Time for linear solver ( ndof = 818 ) [sec]: 0.416797

Under-relaxing newton method by factor 0.3
Newton Step 149: Maximum residuals 1.15288

Time to set up CRDoubleMatrix Jacobian [sec]: 0.385538
Time for SuperLUSolver solve [sec]       : 0.011632

Time for linear solver ( ndof = 818 ) [sec]: 0.397325

Under-relaxing newton method by factor 0.3
Newton Step 150: Maximum residuals 1.21115
Reached max. number of iterations (150) in Newton solver.
