spherical_solid_w_contact.cc log info

Specified (and recognised) command line flags:
----------------------------------------------
--H 0.4
--lambda 1
--newtontol 2e-08
--underrelaxation 0.05
--enfvol 1
--maxnsteps 150
--nreler 2
--load sol_nreler=2_nreletheta=93_H=0.4000_lambda=1.00_vol=0.2430_t=0.10_nt=1.00e-07_CL=MR_C1=1.3000_C2=1.1000.dat
--program reloadSolution

Using Gauss scheme
Setting number of radial elements =2
Preinflation (lambda)  =1
Setting constitutive law to MooneyRivlin
Starting program reload_solution_fresh_test()
Thickness = 0.1 with 2, 93 elements in the r and theta direction

assign_eqn_numbers()  = 2606
Loading solution: sol_nreler=2_nreletheta=93_H=0.4000_lambda=1.00_vol=0.2430_t=0.10_nt=1.00e-07_CL=MR_C1=1.3000_C2=1.1000.dat

Number of equations in Problem::read(): 2606

Restart file exists
 Contact force = (-3.05882, 2.98778).



Total Volume is (raw) 0
Initial Newton Solve, have doc'ed solution H = 0.4 Volume = 0.243 P = -2.70818
Initial Maximum residuals 1.67694e-08

Total time for linear solver (ndof=2606) [sec]: 0
Total time for Newton solver (ndof=2606) [sec]: 0.023238
Time outside linear solver        : 100 %

 Contact force = (-3.05882, 2.98778).



Total Volume is (raw) 0.243
 doc'ed solution, now saving restart file.
Saved restart file.
